0.00010441831
5.828433e-05
3.8782033e-05
2.94264e-05
2.5275243e-05
1.780754e-05
1.446156e-05
1.3349202e-05
1.2051925e-05
1.1807393e-05
1.1086314e-05
1.0655439e-05
1.0158472e-05
9.679657e-06
9.6313115e-06
8.926668e-06
8.57018e-06
8.37176e-06
8.133765e-06
7.826239e-06
7.5860767e-06
7.319864e-06
7.1846544e-06
6.8870977e-06
6.7794076e-06
6.4731903e-06
6.2805652e-06
6.1051187e-06
5.9365334e-06
5.741219e-06
5.606921e-06
5.4564507e-06
5.282466e-06
5.26712e-06
5.1191796e-06
5.0720528e-06
4.8426487e-06
4.8030315e-06
4.6339587e-06
4.529153e-06
4.4149983e-06
